[14-03-2025 14:51:29] Dropping database AERIUS-er-emissions-4a97531 if it exists...
[14-03-2025 14:51:29] CMD: "D:/Postgres15/bin/psql" --port "5432" --username "aerius" --set ON_ERROR_STOP=1 --dbname "postgres" --file "C:/git/database-er-emissions/source/er-emissions/target/temp/execute_external_sql_command.tmp" --echo-all
[14-03-2025 14:51:29] Creating database AERIUS-er-emissions-4a97531...
[14-03-2025 14:51:29] CMD: "D:/Postgres15/bin/psql" --port "5432" --username "aerius" --set ON_ERROR_STOP=1 --dbname "postgres" --file "C:/git/database-er-emissions/source/er-emissions/target/temp/execute_external_sql_command.tmp" --echo-all
[14-03-2025 14:51:30] CMD: "D:/Postgres15/bin/psql" --port "5432" --username "aerius" --set ON_ERROR_STOP=1 --dbname "AERIUS-er-emissions-4a97531" --file "C:/git/database-er-emissions/source/er-emissions/target/temp/execute_sql_command.tmp" --echo-all
[14-03-2025 14:51:30] Scanning for data sources in 'C:/git/database-er-emissions/source/er-emissions/src/data/sql/er-emissions/'...
[14-03-2025 14:51:30] Parse for used load-data SQL files: C:/git/database-er-emissions/source/er-emissions/src/data/sql/er-emissions/load.rb
[14-03-2025 14:51:30] Parse for data sources: C:/git/database-er-emissions/source/er-emissions/src/data/sql/er-emissions/er-emissions.sql
[14-03-2025 14:51:30] Parse for data sources: C:/git/database-er-emissions/source/er-emissions/src/data/sql/er-emissions/checksum.sql
[14-03-2025 14:51:30] Verifying presence of data sources...
[14-03-2025 14:51:30] Importing all SQL from 'C:/git/database-er-emissions/source/er-emissions/src/main/sql/'...
[14-03-2025 14:51:30] FILE: C:/git/database-er-emissions/source/er-emissions/src/main/sql/common/essentials/00-init/01-extensions.sql
[14-03-2025 14:51:30] CMD: "D:/Postgres15/bin/psql" --port "5432" --username "aerius" --set ON_ERROR_STOP=1 --dbname "AERIUS-er-emissions-4a97531" --file "C:/git/database-er-emissions/source/er-emissions/target/temp/execute_sql_command.tmp" --echo-all
[14-03-2025 14:51:30] FILE: C:/git/database-er-emissions/source/er-emissions/src/main/sql/common/essentials/00-init/02-schemas.sql
[14-03-2025 14:51:30] CMD: "D:/Postgres15/bin/psql" --port "5432" --username "aerius" --set ON_ERROR_STOP=1 --dbname "AERIUS-er-emissions-4a97531" --file "C:/git/database-er-emissions/source/er-emissions/target/temp/execute_sql_command.tmp" --echo-all
[14-03-2025 14:51:30] FILE: C:/git/database-er-emissions/source/er-emissions/src/main/sql/common/essentials/00-init/03-constants.sql
[14-03-2025 14:51:30] CMD: "D:/Postgres15/bin/psql" --port "5432" --username "aerius" --set ON_ERROR_STOP=1 --dbname "AERIUS-er-emissions-4a97531" --file "C:/git/database-er-emissions/source/er-emissions/target/temp/execute_sql_command.tmp" --echo-all
[14-03-2025 14:51:31] FILE: C:/git/database-er-emissions/source/er-emissions/src/main/sql/common/essentials/00-init/04-system-constants.sql
[14-03-2025 14:51:31] CMD: "D:/Postgres15/bin/psql" --port "5432" --username "aerius" --set ON_ERROR_STOP=1 --dbname "AERIUS-er-emissions-4a97531" --file "C:/git/database-er-emissions/source/er-emissions/target/temp/execute_sql_command.tmp" --echo-all
[14-03-2025 14:51:31] FILE: C:/git/database-er-emissions/source/er-emissions/src/main/sql/common/essentials/01-types/01-general.sql
[14-03-2025 14:51:31] CMD: "D:/Postgres15/bin/psql" --port "5432" --username "aerius" --set ON_ERROR_STOP=1 --dbname "AERIUS-er-emissions-4a97531" --file "C:/git/database-er-emissions/source/er-emissions/target/temp/execute_sql_command.tmp" --echo-all
[14-03-2025 14:51:31] FILE: C:/git/database-er-emissions/source/er-emissions/src/main/sql/common/essentials/01-types/02-setup.sql
[14-03-2025 14:51:31] CMD: "D:/Postgres15/bin/psql" --port "5432" --username "aerius" --set ON_ERROR_STOP=1 --dbname "AERIUS-er-emissions-4a97531" --file "C:/git/database-er-emissions/source/er-emissions/target/temp/execute_sql_command.tmp" --echo-all
[14-03-2025 14:51:31] FILE: C:/git/database-er-emissions/source/er-emissions/src/main/sql/common/essentials/02-tables/01-general.sql
[14-03-2025 14:51:31] CMD: "D:/Postgres15/bin/psql" --port "5432" --username "aerius" --set ON_ERROR_STOP=1 --dbname "AERIUS-er-emissions-4a97531" --file "C:/git/database-er-emissions/source/er-emissions/target/temp/execute_sql_command.tmp" --echo-all
[14-03-2025 14:51:31] FILE: C:/git/database-er-emissions/source/er-emissions/src/main/sql/common/essentials/03-functions/01-general.sql
[14-03-2025 14:51:31] CMD: "D:/Postgres15/bin/psql" --port "5432" --username "aerius" --set ON_ERROR_STOP=1 --dbname "AERIUS-er-emissions-4a97531" --file "C:/git/database-er-emissions/source/er-emissions/target/temp/execute_sql_command.tmp" --echo-all
[14-03-2025 14:51:31] FILE: C:/git/database-er-emissions/source/er-emissions/src/main/sql/common/essentials/03-functions/02-aggregate.sql
[14-03-2025 14:51:31] CMD: "D:/Postgres15/bin/psql" --port "5432" --username "aerius" --set ON_ERROR_STOP=1 --dbname "AERIUS-er-emissions-4a97531" --file "C:/git/database-er-emissions/source/er-emissions/target/temp/execute_sql_command.tmp" --echo-all
[14-03-2025 14:51:31] FILE: C:/git/database-er-emissions/source/er-emissions/src/main/sql/common/essentials/03-functions/03-build.sql
[14-03-2025 14:51:31] CMD: "D:/Postgres15/bin/psql" --port "5432" --username "aerius" --set ON_ERROR_STOP=1 --dbname "AERIUS-er-emissions-4a97531" --file "C:/git/database-er-emissions/source/er-emissions/target/temp/execute_sql_command.tmp" --echo-all
[14-03-2025 14:51:31] FILE: C:/git/database-er-emissions/source/er-emissions/src/main/sql/common/essentials/03-functions/04-load_store_data.sql
[14-03-2025 14:51:31] CMD: "D:/Postgres15/bin/psql" --port "5432" --username "aerius" --set ON_ERROR_STOP=1 --dbname "AERIUS-er-emissions-4a97531" --file "C:/git/database-er-emissions/source/er-emissions/target/temp/execute_sql_command.tmp" --echo-all
[14-03-2025 14:51:32] FILE: C:/git/database-er-emissions/source/er-emissions/src/main/sql/common/essentials/03-functions/05-type_conversion.sql
[14-03-2025 14:51:32] CMD: "D:/Postgres15/bin/psql" --port "5432" --username "aerius" --set ON_ERROR_STOP=1 --dbname "AERIUS-er-emissions-4a97531" --file "C:/git/database-er-emissions/source/er-emissions/target/temp/execute_sql_command.tmp" --echo-all
[14-03-2025 14:51:32] FILE: C:/git/database-er-emissions/source/er-emissions/src/main/sql/er-emissions/10-public/01-tables/01-general.sql
[14-03-2025 14:51:32] CMD: "D:/Postgres15/bin/psql" --port "5432" --username "aerius" --set ON_ERROR_STOP=1 --dbname "AERIUS-er-emissions-4a97531" --file "C:/git/database-er-emissions/source/er-emissions/target/temp/execute_sql_command.tmp" --echo-all
[14-03-2025 14:51:32] FILE: C:/git/database-er-emissions/source/er-emissions/src/main/sql/er-emissions/10-public/01-tables/02-er_emissions.sql
[14-03-2025 14:51:32] CMD: "D:/Postgres15/bin/psql" --port "5432" --username "aerius" --set ON_ERROR_STOP=1 --dbname "AERIUS-er-emissions-4a97531" --file "C:/git/database-er-emissions/source/er-emissions/target/temp/execute_sql_command.tmp" --echo-all
[14-03-2025 14:51:32] FILE: C:/git/database-er-emissions/source/er-emissions/src/main/sql/er-emissions/10-public/01-tables/03-scale_factors.sql
[14-03-2025 14:51:32] CMD: "D:/Postgres15/bin/psql" --port "5432" --username "aerius" --set ON_ERROR_STOP=1 --dbname "AERIUS-er-emissions-4a97531" --file "C:/git/database-er-emissions/source/er-emissions/target/temp/execute_sql_command.tmp" --echo-all
[14-03-2025 14:51:32] FILE: C:/git/database-er-emissions/source/er-emissions/src/main/sql/er-emissions/10-public/01-tables/04-gcn_sector_source_characteristics.sql
[14-03-2025 14:51:32] CMD: "D:/Postgres15/bin/psql" --port "5432" --username "aerius" --set ON_ERROR_STOP=1 --dbname "AERIUS-er-emissions-4a97531" --file "C:/git/database-er-emissions/source/er-emissions/target/temp/execute_sql_command.tmp" --echo-all
[14-03-2025 14:51:32] FILE: C:/git/database-er-emissions/source/er-emissions/src/main/sql/er-emissions/10-public/01-tables/05-spatial.sql
[14-03-2025 14:51:32] CMD: "D:/Postgres15/bin/psql" --port "5432" --username "aerius" --set ON_ERROR_STOP=1 --dbname "AERIUS-er-emissions-4a97531" --file "C:/git/database-er-emissions/source/er-emissions/target/temp/execute_sql_command.tmp" --echo-all
[14-03-2025 14:51:32] FILE: C:/git/database-er-emissions/source/er-emissions/src/main/sql/er-emissions/10-public/02-views/01-general.sql
[14-03-2025 14:51:32] CMD: "D:/Postgres15/bin/psql" --port "5432" --username "aerius" --set ON_ERROR_STOP=1 --dbname "AERIUS-er-emissions-4a97531" --file "C:/git/database-er-emissions/source/er-emissions/target/temp/execute_sql_command.tmp" --echo-all
[14-03-2025 14:51:33] FILE: C:/git/database-er-emissions/source/er-emissions/src/main/sql/er-emissions/10-public/02-views/02-report.sql
[14-03-2025 14:51:33] CMD: "D:/Postgres15/bin/psql" --port "5432" --username "aerius" --set ON_ERROR_STOP=1 --dbname "AERIUS-er-emissions-4a97531" --file "C:/git/database-er-emissions/source/er-emissions/target/temp/execute_sql_command.tmp" --echo-all
[14-03-2025 14:51:33] FILE: C:/git/database-er-emissions/source/er-emissions/src/main/sql/er-emissions/10-public/03-functions/01-general.sql
[14-03-2025 14:51:33] CMD: "D:/Postgres15/bin/psql" --port "5432" --username "aerius" --set ON_ERROR_STOP=1 --dbname "AERIUS-er-emissions-4a97531" --file "C:/git/database-er-emissions/source/er-emissions/target/temp/execute_sql_command.tmp" --echo-all
[14-03-2025 14:51:33] Scanning for comments in 'C:/git/database-er-emissions/source/er-emissions/src/main/sql/'...
[14-03-2025 14:51:33] Updating comments in AERIUS-er-emissions-4a97531...
[14-03-2025 14:51:33] CMD: "D:/Postgres15/bin/psql" --port "5432" --username "aerius" --set ON_ERROR_STOP=1 --dbname "AERIUS-er-emissions-4a97531" --file "C:/git/database-er-emissions/source/er-emissions/target/temp/execute_sql_command.tmp" --echo-all
[14-03-2025 14:51:33] Adding constant CURRENT_DATABASE_NAME = AERIUS-er-emissions-4a97531
[14-03-2025 14:51:33] CMD: "D:/Postgres15/bin/psql" --port "5432" --username "aerius" --set ON_ERROR_STOP=1 --dbname "AERIUS-er-emissions-4a97531" --file "C:/git/database-er-emissions/source/er-emissions/target/temp/execute_sql_command.tmp" --echo-all
[14-03-2025 14:51:33] Adding constant CURRENT_DATABASE_VERSION = 4a97531
[14-03-2025 14:51:33] CMD: "D:/Postgres15/bin/psql" --port "5432" --username "aerius" --set ON_ERROR_STOP=1 --dbname "AERIUS-er-emissions-4a97531" --file "C:/git/database-er-emissions/source/er-emissions/target/temp/execute_sql_command.tmp" --echo-all
[14-03-2025 14:51:33] Adding constant CURRENT_DATABASE_PRODUCT = er-emissions
[14-03-2025 14:51:33] CMD: "D:/Postgres15/bin/psql" --port "5432" --username "aerius" --set ON_ERROR_STOP=1 --dbname "AERIUS-er-emissions-4a97531" --file "C:/git/database-er-emissions/source/er-emissions/target/temp/execute_sql_command.tmp" --echo-all
[14-03-2025 14:51:33] Adding constant CURRENT_GIT_REVISION = 4a97531
[14-03-2025 14:51:33] CMD: "D:/Postgres15/bin/psql" --port "5432" --username "aerius" --set ON_ERROR_STOP=1 --dbname "AERIUS-er-emissions-4a97531" --file "C:/git/database-er-emissions/source/er-emissions/target/temp/execute_sql_command.tmp" --echo-all
[14-03-2025 14:51:33] Adding constant CURRENT_DATABASE_BUILD_DATE = 14-03-2025 14:51:33
[14-03-2025 14:51:33] CMD: "D:/Postgres15/bin/psql" --port "5432" --username "aerius" --set ON_ERROR_STOP=1 --dbname "AERIUS-er-emissions-4a97531" --file "C:/git/database-er-emissions/source/er-emissions/target/temp/execute_sql_command.tmp" --echo-all
[14-03-2025 14:51:33] Adding constant CURRENT_DATABASE_BUILD_USER = luitvm
[14-03-2025 14:51:33] CMD: "D:/Postgres15/bin/psql" --port "5432" --username "aerius" --set ON_ERROR_STOP=1 --dbname "AERIUS-er-emissions-4a97531" --file "C:/git/database-er-emissions/source/er-emissions/target/temp/execute_sql_command.tmp" --echo-all
[14-03-2025 14:51:34] Adding constant CURRENT_DATABASE_BUILD_NODE = PC190633.int.ssc-campus.nl
[14-03-2025 14:51:34] CMD: "D:/Postgres15/bin/psql" --port "5432" --username "aerius" --set ON_ERROR_STOP=1 --dbname "AERIUS-er-emissions-4a97531" --file "C:/git/database-er-emissions/source/er-emissions/target/temp/execute_sql_command.tmp" --echo-all
[14-03-2025 14:51:34] Adding constant CURRENT_DATABASE_BUILD_VERSION = 1.4-SNAPSHOT
[14-03-2025 14:51:34] CMD: "D:/Postgres15/bin/psql" --port "5432" --username "aerius" --set ON_ERROR_STOP=1 --dbname "AERIUS-er-emissions-4a97531" --file "C:/git/database-er-emissions/source/er-emissions/target/temp/execute_sql_command.tmp" --echo-all
[14-03-2025 14:51:34] Clustering all tables...
[14-03-2025 14:51:34] CMD: "D:/Postgres15/bin/psql" --port "5432" --username "aerius" --set ON_ERROR_STOP=1 --dbname "AERIUS-er-emissions-4a97531" --file "C:/git/database-er-emissions/source/er-emissions/target/temp/execute_sql_command.tmp" --echo-all
[14-03-2025 14:51:34] Running SQL file 'C:/git/database-er-emissions/source/er-emissions/src/data/sql/er-emissions/er-emissions.sql'...
[14-03-2025 14:51:34] FILE: C:/git/database-er-emissions/source/er-emissions/src/data/sql/er-emissions/er-emissions.sql
[14-03-2025 14:51:34] CMD: "D:/Postgres15/bin/psql" --port "5432" --username "aerius" --set ON_ERROR_STOP=1 --dbname "AERIUS-er-emissions-4a97531" --file "C:/git/database-er-emissions/source/er-emissions/target/temp/execute_sql_command.tmp" --echo-all
[14-03-2025 14:51:34] Running SQL file 'C:/git/database-er-emissions/source/er-emissions/src/data/sql/er-emissions/checksum.sql'...
[14-03-2025 14:51:34] FILE: C:/git/database-er-emissions/source/er-emissions/src/data/sql/er-emissions/checksum.sql
[14-03-2025 14:51:34] CMD: "D:/Postgres15/bin/psql" --port "5432" --username "aerius" --set ON_ERROR_STOP=1 --dbname "AERIUS-er-emissions-4a97531" --file "C:/git/database-er-emissions/source/er-emissions/target/temp/execute_sql_command.tmp" --echo-all
[14-03-2025 14:51:35] Merging actual database structure of AERIUS-er-emissions-4a97531 into parsed comments...
[14-03-2025 14:51:35] CMD: "D:/Postgres15/bin/psql" --port "5432" --username "aerius" --set ON_ERROR_STOP=1 --dbname "AERIUS-er-emissions-4a97531" --file "C:/git/database-er-emissions/source/er-emissions/target/temp/execute_sql_command.tmp" --tuples-only --expanded
[14-03-2025 14:51:35] CMD: "D:/Postgres15/bin/psql" --port "5432" --username "aerius" --set ON_ERROR_STOP=1 --dbname "AERIUS-er-emissions-4a97531" --file "C:/git/database-er-emissions/source/er-emissions/target/temp/execute_sql_command.tmp" --tuples-only --expanded
[14-03-2025 14:51:35] CMD: "D:/Postgres15/bin/psql" --port "5432" --username "aerius" --set ON_ERROR_STOP=1 --dbname "AERIUS-er-emissions-4a97531" --file "C:/git/database-er-emissions/source/er-emissions/target/temp/execute_sql_command.tmp" --tuples-only --expanded
[14-03-2025 14:51:35] CMD: "D:/Postgres15/bin/psql" --port "5432" --username "aerius" --set ON_ERROR_STOP=1 --dbname "AERIUS-er-emissions-4a97531" --file "C:/git/database-er-emissions/source/er-emissions/target/temp/execute_sql_command.tmp" --tuples-only --expanded
[14-03-2025 14:51:35] Generating HTML documentation in 'C:/git/database-er-emissions/source/er-emissions/target/build/'...
[14-03-2025 14:51:35] Dumping database to 'C:/git/database-er-emissions/source/er-emissions/target/build/AERIUS-er-emissions-4a97531.backup'...
[14-03-2025 14:51:35] CMD: "D:/Postgres15/bin/psql" --port "5432" --username "aerius" --set ON_ERROR_STOP=1 --dbname "AERIUS-er-emissions-4a97531" --file "C:/git/database-er-emissions/source/er-emissions/target/temp/execute_sql_command.tmp" --echo-all
[14-03-2025 14:51:35] FILE: C:/git/database-er-emissions/source/er-emissions/target/build/AERIUS-er-emissions-4a97531.backup
[14-03-2025 14:51:35] CMD: "D:/Postgres15/bin/pg_dump" --port "5432" --username "aerius" --format custom --blobs --verbose --file "C:/git/database-er-emissions/source/er-emissions/target/build/AERIUS-er-emissions-4a97531.backup" "AERIUS-er-emissions-4a97531"
[14-03-2025 14:51:36] Deleting C:/git/database-er-emissions/source/er-emissions/target/temp/...
[14-03-2025 14:51:36] 
[14-03-2025 14:51:36] Build completed at 14-03-2025 14:51:36 (7s)
====================================================================================================
